<?xml version="1.0" encoding="UTF-8"?>
<!-- Generated by org.testng.reporters.JUnitReportReporter -->
<testsuite skipped="0" hostname="DESKTOP-G08NBKJ" name="testNGCases.Case4" tests="3" failures="0" timestamp="23 Aug 2023 18:51:14 GMT" time="0.007" errors="0">
  <testcase name="a" time="0.000" classname="testNGCases.Case4"/>
  <testcase name="z" time="0.000" classname="testNGCases.Case4"/>
  <testcase name="C" time="0.007" classname="testNGCases.Case4"/>
</testsuite> <!-- testNGCases.Case4 -->
