<?xml version="1.0" encoding="UTF-8"?>
<!-- Generated by org.testng.reporters.JUnitReportReporter -->
<testsuite skipped="0" hostname="DESKTOP-G08NBKJ" name="testNGCases.Case3" tests="2" failures="0" timestamp="24 Aug 2023 06:01:49 GMT" time="0.012" errors="0">
  <testcase name="m1" time="0.011" classname="testNGCases.Case3"/>
  <testcase name="m2" time="0.001" classname="testNGCases.Case3"/>
</testsuite> <!-- testNGCases.Case3 -->
