<?xml version="1.0" encoding="UTF-8"?>
<!-- Generated by org.testng.reporters.JUnitReportReporter -->
<testsuite skipped="0" hostname="DESKTOP-G08NBKJ" name="testNGCases.Case1" tests="1" failures="0" timestamp="24 Aug 2023 06:01:19 GMT" time="0.009" errors="0">
  <testcase name="m1" time="0.009" classname="testNGCases.Case1"/>
</testsuite> <!-- testNGCases.Case1 -->
